864975231
975231864
231864975
547698312
698312547
312547698
456789123
789123456
123456789
274
964275831
875931264
231864975
547698312
698312547
312547698
456789123
789123456
123456789
307
874935261
965271834
231864975
547698312
698312547
312547698
456789123
789123456
123456789
310
974235861
865971234
231864975
547698312
698312547
312547698
456789123
789123456
123456789
343
965271834
874935261
231864975
547698312
698312547
312547698
456789123
789123456
123456789
355
875931264
964275831
231864975
547698312
698312547
312547698
456789123
789123456
123456789
358
975231864
864975231
231864975
547698312
698312547
312547698
456789123
789123456
123456789
391
965231874
874965231
231874965
547698312
698312547
312547698
456789123
789123456
123456789
394
974231865
865974231
231865974
547698312
698312547
312547698
456789123
789123456
123456789
412
971234865
864975231
235861974
547698312
698312547
312547698
456789123
789123456
123456789
415
961234875
874965231
235871964
547698312
698312547
312547698
456789123
789123456
123456789
418
975231864
861974235
234865971
547698312
698312547
312547698
456789123
789123456
123456789
436
971234865
865971234
234865971
547698312
698312547
312547698
456789123
789123456
123456789
439
974231865
861975234
235864971
547698312
698312547
312547698
456789123
789123456
123456789
451
964231875
871965234
235874961
547698312
698312547
312547698
456789123
789123456
123456789
454
974312865
861975234
235864971
547698312
698231547
312547698
456789123
789123456
123456789
463
964312875
871965234
235874961
547698312
698231547
312547698
456789123
789123456
123456789
466
974312865
831965274
265874931
547698312
698231547
312547698
456789123
789123456
123456789
478
975231864
861974235
234865971
647398512
598612347
312547698
456789123
789123456
123456789
483
971234865
865971234
234865971
647398512
598612347
312547698
456789123
789123456
123456789
486
974231865
861975234
235864971
647398512
598612347
312547698
456789123
789123456
123456789
498
964231875
871965234
235874961
647398512
598612347
312547698
456789123
789123456
123456789
501
891634275
675912834
234875961
947368512
568291347
312547698
456789123
789123456
123456789
532
974612835
861935274
235874961
647398512
598261347
312547698
456789123
789123456
123456789
534
971632845
865914372
234875961
597368214
648291537
312547698
456789123
789123456
123456789
538
971632845
864915372
235874961
597368214
648291537
312547698
456789123
789123456
123456789
541
964812375
871635942
235974861
597368214
648291537
312547698
456789123
789123456
123456789
550
874912365
961375842
235864971
697238514
548691237
312547698
456789123
789123456
123456789
551
974312865
861975342
235864971
697238514
548691237
312547698
456789123
789123456
123456789
581
964312875
871965342
235874961
697238514
548691237
312547698
456789123
789123456
123456789
584
974231865
861975234
235864971
697318542
548692317
312547698
456789123
789123456
123456789
586
964231875
871965234
235874961
697318542
548692317
312547698
456789123
789123456
123456789
589
861932547
975614832
234875961
598361274
647298315
312547698
456789123
789123456
123456789
605
935612847
861974532
274835961
598361274
647298315
312547698
456789123
789123456
123456789
607
864912537
971635842
235874961
598361274
647298315
312547698
456789123
789123456
123456789
611
961832547
875614932
234975861
598361274
647298315
312547698
456789123
789123456
123456789
617
964812537
871635942
235974861
598361274
647298315
312547698
456789123
789123456
123456789
623
965312847
831974562
274865931
598631274
647298315
312547698
456789123
789123456
123456789
628
895314267
631972845
274865931
948631572
567298314
312547698
456789123
789123456
123456789
637
965312847
871964235
234875961
697238514
548691372
312547698
456789123
789123456
123456789
638
965312847
831974265
274865931
697238514
548691372
312547698
456789123
789123456
123456789
647
974231865
861975234
235864971
698312547
547698312
312547698
456789123
789123456
123456789
652
964231875
871965234
235874961
698312547
547698312
312547698
456789123
789123456
123456789
655
974312865
861975234
235864971
698231547
547698312
312547698
456789123
789123456
123456789
662
964312875
871965234
235874961
698231547
547698312
312547698
456789123
789123456
123456789
665
974312865
831965274
265874931
698231547
547698312
312547698
456789123
789123456
123456789
677
965231847
871964235
234875961
698312574
547698312
312547698
456789123
789123456
123456789
685
965312847
871964235
234875961
698231574
547698312
312547698
456789123
789123456
123456789
695
965312847
831974265
274865931
698231574
547698312
312547698
456789123
789123456
123456789
704
972314865
831965247
645872931
398641572
567298314
214537698
456789123
789123456
123456789
713
972314865
831965247
645872931
398641572
267598314
514237698
456789123
789123456
123456789
728
945312867
831967245
672845931
368291574
594678312
217534698
456789123
789123456
123456789
729
945312867
832967514
617845932
398671245
264598371
571234698
456789123
789123456
123456789
733
935214867
812967345
647835912
298671534
364598271
571342698
456789123
789123456
123456789
742
961235847
872914365
534867912
398642571
617598234
245371698
456789123
789123456
123456789
744
962315847
831947265
547862931
398674512
615298374
274531698
456789123
789123456
123456789
748
965312847
831947265
247865931
398674512
612598374
574231698
456789123
789123456
123456789
751
961235847
842617935
537894612
698342571
315978264
274561398
456789123
789123456
123456789
752
842315967
961847235
537692814
698234571
315978642
274561398
456789123
789123456
123456789
755
864315297
932847615
517962834
398671542
645298371
271534968
456789123
789123456
123456789
758
864215397
912837645
537694812
298361574
645978231
371542968
456789123
789123456
123456789
759
864315297
932847615
571692834
398264571
615978342
247531968
456789123
789123456
123456789
762
864315297
932847615
571962834
698234571
315678942
247591368
456789123
789123456
123456789
774
