3333
138 67 3 
250 221 202 
287 274 271 
592 580 419 
1018 728 642 
1232 1211 1200 
1456 1374 1289 
1773 1771 1702 
1986 1936 1887 
2274 2198 2066 
2520 2497 2326 
3099 3062 3056 
3467 3268 3147 
3601 3507 3486 
4016 3840 3758 
4414 4357 4160 
4899 4716 4699 
5508 5219 5138 
5606 5593 5568 
5754 5694 5614 
6280 6167 6045 
6709 6555 6350 
6964 6882 6879 
7539 7216 6996 
7741 7711 7553 
8011 7847 7768 
8355 8292 8205 
8676 8674 8436 
9156 9096 8836 
9940 9385 9329 
10326 10284 10121 
10581 10557 10481 
10978 10899 10682 
11051 11011 10994 
11379 11365 11208 
11653 11597 11496 
11992 11836 11725 
12112 12084 12043 
12308 12226 12130 
12394 12385 12339 
12878 12650 12523 
13236 13106 13081 
13519 13401 13307 
13921 13843 13573 
14036 14023 13927 
14596 14551 14401 
14973 14928 14826 
15145 15048 15023 
15573 15400 15361 
15772 15752 15583 
16031 16000 15810 
16444 16238 16105 
16591 16571 16483 
17039 16697 16607 
17513 17366 17315 
17741 17727 17565 
17819 17756 17748 
18266 17928 17851 
18539 18495 18359 
18760 18710 18603 
19003 18894 18845 
19080 19070 19047 
19152 19132 19102 
19302 19212 19194 
19626 19611 19335 
19778 19773 19702 
20159 19887 19787 
20442 20410 20285 
20723 20645 20519 
21210 20897 20725 
21356 21283 21236 
21753 21728 21726 
21967 21894 21767 
22079 22026 22025 
22243 22170 22158 
22529 22419 22264 
22741 22543 22539 
23072 23028 23008 
23249 23198 23176 
23636 23611 23440 
24052 24039 23648 
24355 24349 24135 
24541 24510 24502 
24884 24667 24553 
24940 24933 24927 
25149 25091 25058 
25249 25192 25149 
25767 25692 25331 
26121 25842 25817 
26269 26209 26195 
26595 26585 26502 
26718 26644 26585 
26931 26825 26737 
26957 26955 26942 
27095 27033 26987 
27208 27162 27125 
27580 27397 27330 
28130 28129 27992 
28483 28351 28295 
28649 28562 28501 
29085 28886 28838 
29534 29431 29322 
29662 29614 29582 
30028 29953 29722 
30631 30501 30084 
30822 30820 30640 
30958 30953 30922 
31345 31300 31285 
31508 31496 31346 
31936 31776 31563 
32064 32020 31945 
32284 32174 32075 
32432 32422 32413 
32686 32558 32462 
32983 32841 32693 
33477 33318 33066 
33784 33670 33538 
34066 33967 33961 
34357 34242 34231 
34892 34708 34701 
35237 35222 34924 
35316 35256 35255 
35739 35712 35504 
36121 36078 35955 
36341 36222 36201 
36477 36462 36375 
37107 36849 36725 
37136 37128 37122 
37626 37588 37477 
37754 37662 37660 
38072 37979 37798 
38252 38151 38085 
38506 38404 38323 
38918 38917 38516 
39220 39175 38991 
39501 39385 39367 
39758 39688 39582 
39863 39842 39792 
40525 40320 40180 
40899 40863 40611 
40960 40953 40913 
41168 41027 40970 
41446 41439 41433 
41654 41613 41470 
41685 41673 41665 
41785 41781 41698 
41883 41880 41878 
41968 41931 41924 
42168 42130 42126 
42604 42541 42507 
42721 42715 42695 
42960 42939 42789 
43034 43033 43031 
43386 43222 43052 
43521 43467 43423 
43676 43608 43541 
43853 43842 43756 
44367 44062 43873 
44616 44558 44540 
45036 44885 44798 
45603 45349 45136 
45823 45804 45696 
45953 45883 45845 
46276 46247 45958 
46965 46815 46468 
47163 47102 47077 
47429 47355 47336 
47857 47825 47523 
48179 48162 48125 
48435 48356 48203 
49104 48841 48649 
49469 49438 49338 
49925 49572 49501 
50121 50097 49986 
50359 50223 50182 
50534 50533 50504 
50972 50782 50580 
51558 51304 51117 
51767 51720 51642 
51960 51957 51922 
52343 52084 51978 
52576 52534 52493 
52744 52700 52590 
52938 52932 52760 
53172 53077 52949 
53502 53403 53271 
53832 53744 53741 
53987 53955 53891 
54518 54378 54140 
54585 54578 54531 
55170 55086 55081 
55376 55352 55214 
55695 55608 55502 
55980 55901 55883 
56184 56164 56142 
57035 56525 56370 
57173 57076 57049 
57383 57257 57205 
58031 57813 57572 
58451 58373 58338 
58542 58494 58456 
58896 58776 58644 
59266 59023 58996 
59553 59535 59478 
59904 59705 59644 
60318 60107 60106 
60452 60432 60393 
60625 60521 60517 
61376 61342 60923 
62116 61745 61578 
62464 62178 62130 
62640 62560 62506 
62953 62673 62648 
63249 63122 63106 
63501 63266 63260 
63896 63883 63717 
63992 63980 63918 
64161 64112 64036 
64336 64320 64204 
64554 64521 64473 
64868 64796 64570 
65036 64967 64929 
65218 65092 65079 
65342 65310 65220 
65685 65480 65414 
66092 66073 65780 
66485 66374 66120 
66872 66696 66605 
67227 66954 66924 
67408 67380 67345 
67570 67556 67408 
67810 67807 67727 
68210 67991 67974 
68504 68466 68277 
68664 68641 68516 
68889 68830 68720 
69343 69235 68890 
69682 69593 69410 
69865 69842 69708 
70210 70209 69938 
70552 70494 70458 
70693 70691 70618 
71148 71042 70916 
71500 71398 71264 
71807 71799 71632 
72037 71973 71898 
72119 72111 72107 
72310 72286 72186 
72533 72459 72395 
72873 72579 72459 
73104 73042 73034 
73722 73635 73407 
74104 74043 73635 
74219 74161 74131 
74627 74597 74492 
75091 75060 74981 
75765 75687 75184 
76054 76030 75916 
76392 76140 76121 
76744 76536 76450 
77331 77300 76919 
77518 77488 77420 
77637 77564 77530 
78060 78007 77726 
78320 78198 78095 
78748 78716 78524 
78921 78811 78799 
79156 79030 78967 
79454 79319 79230 
79879 79674 79463 
80058 80038 79953 
80395 80392 80272 
80649 80592 80494 
80861 80814 80748 
81527 81168 81083 
81619 81566 81549 
81975 81888 81777 
82170 82168 82096 
82359 82346 82243 
82612 82583 82556 
83041 82965 82674 
83218 83119 83064 
83454 83399 83247 
83708 83620 83486 
84004 83885 83794 
84133 84097 84055 
84302 84198 84163 
84594 84412 84319 
85112 85010 84876 
85223 85216 85187 
85300 85280 85256 
86051 85929 85928 
86189 86094 86069 
86487 86369 86306 
86522 86517 86495 
86733 86570 86551 
86942 86888 86802 
87354 87304 87199 
87888 87757 87503 
88417 88383 88342 
88589 88538 88482 
89155 88790 88784 
89563 89498 89424 
90067 89972 89802 
90190 90179 90124 
90340 90289 90219 
90696 90512 90345 
90994 90896 90859 
91083 91071 91038 
91327 91323 91130 
91822 91747 91497 
91983 91950 91888 
92318 92310 92027 
92786 92743 92385 
93360 93240 93018 
93727 93610 93454 
94123 93919 93910 
94237 94201 94147 
94609 94594 94421 
94965 94810 94724 
95643 95372 95074 
95689 95684 95653 
95826 95808 95791 
96144 96055 96035 
96427 96243 96236 
96506 96492 96450 
96533 96523 96508 
97008 96934 96645 
97403 97343 97008 
97475 97474 97403 
97784 97782 97648 
98190 98044 97982 
98541 98464 98190 
98788 98723 98610 
99043 98964 98892 
99558 99390 99079 
99691 99674 99618 
99902 99770 99742 
100307 100264 100097 
100445 100377 100324 
100483 100461 100455 
100579 100546 100524 
100848 100621 100603 
101171 101126 100907 
101358 101321 101172 
101645 101631 101540 
101883 101866 101857 
101992 101979 101962 
102376 102338 102015 
102599 102515 102440 
102741 102684 102648 
103535 102979 102813 
103902 103631 103571 
104272 104164 104100 
104582 104404 104327 
105030 104866 104794 
105311 105235 105035 
105424 105375 105319 
105595 105534 105523 
106034 105981 105922 
106114 106079 106063 
106302 106178 106170 
106477 106355 106348 
106601 106566 106543 
107278 106899 106722 
107560 107414 107397 
107976 107827 107414 
108152 108133 108120 
108507 108386 108197 
108599 108560 108556 
108951 108928 108899 
109295 109278 108964 
109900 109696 109651 
110130 109944 109928 
110221 110217 110182 
110501 110303 110291 
111205 110932 110853 
112036 111787 111624 
112138 112128 112054 
112690 112501 112450 
113010 112866 112830 
113308 113161 113090 
113401 113382 113349 
113635 113624 113467 
113807 113745 113651 
114190 114115 113861 
114428 114363 114268 
114711 114495 114434 
114978 114952 114797 
115226 115073 114989 
115718 115524 115398 
116079 116066 116033 
116672 116490 116424 
116821 116817 116807 
117208 116955 116934 
117513 117355 117209 
117668 117651 117542 
117799 117741 117691 
118222 118040 118025 
118690 118537 118249 
118947 118873 118697 
119469 119410 119179 
119764 119703 119549 
119921 119854 119780 
120529 120433 120227 
121047 121008 120563 
121653 121613 121306 
121772 121684 121682 
121998 121972 121833 
122110 122084 122016 
122571 122315 122244 
122766 122755 122608 
123206 123011 122930 
123342 123275 123250 
123403 123395 123362 
123654 123604 123495 
123881 123755 123665 
124113 123984 123890 
124232 124161 124123 
124880 124794 124250 
125122 124987 124940 
125354 125350 125265 
125454 125425 125364 
125726 125696 125522 
126037 125893 125773 
126310 126236 126091 
126472 126412 126315 
126900 126762 126485 
126990 126965 126912 
127314 127284 127136 
127478 127401 127392 
127661 127658 127652 
128131 128027 127664 
128322 128220 128134 
128567 128460 128435 
128681 128662 128655 
128963 128736 128691 
129205 129059 128998 
129299 129280 129208 
129664 129504 129364 
129920 129895 129834 
130382 130344 130277 
130452 130422 130421 
130622 130544 130475 
131088 131050 130679 
131429 131425 131160 
131622 131584 131573 
131703 131668 131647 
131740 131729 131711 
132096 131927 131864 
132259 132246 132206 
133024 132958 132755 
133383 133086 133029 
133746 133598 133414 
134410 134378 134315 
134605 134556 134552 
134909 134711 134663 
135219 135073 134923 
135626 135275 135251 
135786 135671 135646 
136367 135994 135800 
136843 136519 136403 
137016 136940 136881 
137233 137181 137140 
137762 137685 137517 
138020 137878 137854 
138285 138213 138187 
138895 138846 138819 
139354 139105 138956 
139588 139581 139564 
139680 139622 139603 
140129 139969 139902 
140354 140215 140185 
140964 140880 140587 
141558 141129 141057 
141948 141718 141649 
142515 142144 142047 
142702 142664 142621 
143378 143284 142997 
143413 143408 143390 
143658 143552 143504 
144156 144088 143929 
144906 144469 144198 
145345 145002 144938 
145671 145650 145639 
145954 145942 145756 
146130 146125 146111 
146319 146310 146232 
146643 146594 146542 
146767 146750 146683 
146819 146774 146773 
147092 146986 146969 
147425 147347 147321 
147579 147504 147501 
147960 147818 147593 
148080 148070 148018 
148465 148252 148144 
148745 148661 148547 
148881 148818 148774 
149149 148994 148893 
149688 149418 149340 
150043 149945 149777 
151080 150914 150676 
151327 151274 151190 
151492 151350 151348 
152044 151723 151690 
152306 152303 152159 
152410 152399 152374 
153084 152880 152610 
153311 153305 153114 
153809 153699 153355 
154083 154074 153989 
154374 154187 154181 
154647 154459 154394 
154966 154932 154778 
155262 155034 155010 
155341 155295 155291 
155633 155489 155487 
155794 155747 155717 
156052 155917 155862 
156322 156276 156136 
156772 156614 156565 
157022 156986 156965 
157317 157231 157217 
157627 157524 157454 
157822 157802 157634 
157996 157877 157833 
158323 158216 158006 
158820 158627 158530 
159357 159171 158849 
159546 159472 159463 
160013 159979 159924 
160160 160148 160087 
160501 160391 160297 
160695 160604 160555 
160891 160840 160795 
161061 161036 160978 
161739 161352 161160 
162263 162167 161909 
162465 162410 162268 
162543 162506 162471 
162814 162725 162723 
163133 163091 162967 
163579 163555 163149 
164075 164056 164000 
164414 164266 164243 
164615 164556 164536 
164869 164846 164755 
165207 165072 164910 
165577 165521 165331 
165738 165680 165613 
165956 165860 165808 
166347 166012 166009 
166419 166389 166356 
166914 166873 166836 
167109 167065 166990 
167342 167219 167124 
167562 167493 167411 
167792 167737 167668 
168014 167965 167890 
168307 168277 168163 
168491 168443 168312 
168601 168529 168504 
169377 169291 168860 
169647 169396 169395 
169883 169841 169836 
170513 170218 170205 
170688 170674 170664 
170749 170727 170701 
170892 170880 170751 
171147 171057 170949 
171256 171220 171211 
171677 171620 171369 
172013 171874 171823 
172044 172030 172027 
172323 172297 172288 
172491 172458 172358 
172791 172785 172661 
172990 172975 172807 
173172 173119 173008 
173612 173481 173245 
173711 173679 173656 
174082 173839 173828 
174551 174436 174240 
175213 175150 175068 
175713 175525 175440 
175970 175786 175737 
176474 176421 176196 
176844 176693 176611 
177038 176981 176847 
177342 177174 177042 
177633 177491 177446 
177977 177711 177640 
178289 178204 178097 
178636 178335 178308 
178789 178749 178640 
179036 178901 178875 
179572 179571 179479 
179666 179606 179575 
179915 179885 179809 
180018 179981 179936 
180066 180033 180020 
180244 180217 180128 
180531 180455 180339 
180861 180776 180594 
180932 180923 180893 
181362 181066 180981 
181410 181370 181369 
182244 181828 181519 
182862 182734 182458 
183146 183096 183046 
183354 183288 183150 
183631 183605 183536 
183735 183698 183685 
183927 183844 183804 
184153 184124 183936 
184200 184195 184170 
184582 184300 184236 
184750 184636 184601 
184938 184933 184765 
185047 185023 184948 
185172 185111 185107 
185592 185282 185262 
185630 185611 185596 
185681 185679 185652 
186569 186170 185849 
186781 186755 186627 
186862 186859 186790 
186976 186969 186871 
187162 187134 187110 
187524 187464 187180 
188105 187937 187603 
188624 188169 188123 
189140 188957 188842 
189260 189207 189169 
189415 189407 189290 
189554 189497 189419 
189907 189654 189643 
190233 190117 190035 
190498 190402 190245 
190733 190636 190548 
191227 191115 190893 
191349 191326 191316 
191523 191496 191448 
191623 191594 191566 
191995 191820 191687 
192346 192217 192066 
192434 192428 192412 
192519 192511 192494 
192723 192655 192539 
193043 192981 192902 
193509 193184 193135 
193638 193629 193584 
193766 193675 193584 
193933 193881 193827 
194191 194026 194016 
194316 194243 194211 
194661 194631 194365 
194795 194789 194701 
195179 195106 194806 
195582 195542 195508 
195876 195829 195755 
196258 196002 195902 
196548 196427 196313 
196665 196655 196601 
197170 197098 196865 
197473 197339 197219 
197673 197629 197494 
197819 197788 197760 
198051 197831 197829 
198297 198129 198069 
198644 198638 198391 
199097 199092 198760 
199367 199318 199147 
199726 199663 199421 
199914 199815 199790 
200327 200186 199917 
200463 200434 200328 
200896 200751 200639 
201030 200965 200922 
201352 201300 201147 
201465 201390 201365 
201956 201737 201545 
202332 202298 201996 
202702 202500 202383 
203185 203005 202882 
203322 203308 203196 
203685 203498 203492 
204113 204076 203895 
204307 204288 204155 
204620 204518 204367 
204832 204702 204653 
205167 205064 204871 
205305 205282 205175 
205670 205643 205598 
205792 205705 205675 
205863 205821 205817 
205943 205886 205875 
206757 206715 206019 
206958 206931 206856 
207755 207071 207045 
207890 207870 207844 
208007 207989 207932 
208134 208126 208107 
208190 208162 208160 
208439 208312 208278 
208875 208843 208481 
209400 209310 209045 
209650 209645 209560 
209879 209709 209660 
210144 210012 209880 
210501 210445 210397 
210800 210716 210586 
211079 210970 210900 
211289 211217 211092 
211799 211548 211480 
212107 211932 211806 
212518 212384 212277 
212760 212575 212524 
213138 213081 213058 
213388 213160 213153 
213882 213499 213470 
214229 214043 213888 
214555 214508 214242 
214705 214675 214603 
215052 215038 215009 
215160 215132 215108 
215483 215452 215216 
215733 215709 215595 
216097 215929 215837 
216185 216123 216107 
216407 216350 216307 
217048 217007 216853 
217481 217242 217072 
218259 217877 217787 
218364 218306 218262 
218712 218454 218401 
218913 218758 218750 
219099 219038 218936 
219221 219202 219163 
219824 219373 219297 
220194 220123 220070 
220585 220514 220445 
220913 220781 220671 
221042 221036 220994 
221308 221160 221081 
221461 221447 221365 
221644 221637 221500 
221994 221869 221761 
222054 222050 222012 
222481 222335 222214 
222804 222721 222581 
223026 222997 222811 
223466 223270 223262 
223611 223554 223497 
223751 223728 223721 
224056 224046 223789 
224292 224171 224149 
224466 224454 224304 
225025 224990 224923 
225356 225232 225200 
225741 225645 225603 
226183 225768 225767 
226813 226560 226404 
227162 227012 226962 
227366 227252 227172 
227617 227588 227564 
227767 227689 227667 
228710 228682 228416 
228982 228747 228743 
229423 229276 229265 
229633 229501 229472 
229929 229834 229760 
230258 230235 230182 
230443 230305 230259 
230631 230595 230469 
230796 230788 230713 
230847 230842 230814 
231106 230907 230893 
231532 231511 231187 
231958 231899 231868 
232487 232421 232277 
232858 232579 232531 
233340 233009 232877 
233420 233409 233366 
233651 233517 233505 
233979 233948 233796 
234176 234167 234165 
234724 234476 234192 
235051 234968 234944 
235106 235071 235051 
235441 235424 235347 
235734 235572 235570 
236656 236016 235759 
236777 236732 236667 
237157 236831 236788 
237706 237334 237271 
237795 237735 237716 
238161 237943 237928 
238448 238354 238338 
238515 238483 238464 
238711 238687 238524 
238819 238750 238720 
239130 239111 238883 
239451 239295 239111 
239607 239533 239527 
239803 239774 239672 
239993 239951 239949 
240243 240069 240053 
240531 240475 240393 
240756 240695 240565 
241004 240943 240869 
241482 241382 241292 
241778 241677 241593 
242087 241964 241914 
242193 242171 242102 
242378 242367 242102 
242681 242616 242490 
243442 243204 242785 
243770 243757 243727 
244178 244064 243960 
244534 244494 244215 
244756 244624 244623 
245214 245094 244816 
245402 245246 245245 
245502 245484 245418 
245763 245686 245538 
246195 246177 246064 
246499 246305 246246 
246815 246623 246571 
247345 247073 247016 
247479 247427 247351 
247768 247726 247536 
248073 247882 247856 
248378 248342 248244 
248738 248636 248439 
248973 248893 248749 
249213 249182 249045 
249395 249268 249240 
249601 249590 249465 
249746 249726 249698 
250215 250107 249838 
250575 250490 250223 
251083 250992 250915 
251166 251101 251086 
251486 251455 251422 
251820 251736 251631 
252233 252175 252096 
252364 252301 252256 
252543 252468 252398 
252746 252626 252618 
252820 252775 252750 
253012 252934 252848 
253371 253305 253254 
253461 253388 253373 
253587 253576 253563 
253989 253985 253777 
254211 254103 254067 
254365 254278 254222 
254542 254478 254426 
254790 254731 254715 
255145 254987 254970 
255319 255267 255229 
256330 256268 255648 
256488 256423 256385 
256609 256602 256515 
256782 256772 256689 
257325 257100 256979 
257631 257585 257492 
257925 257884 257684 
258380 258372 258186 
258652 258624 258533 
258963 258939 258827 
259502 259357 258983 
259809 259635 259520 
260123 259833 259831 
260218 260211 260210 
260347 260311 260227 
260617 260582 260579 
261054 261032 260857 
261343 261116 261068 
261616 261608 261439 
261902 261753 261705 
262068 261938 261908 
262229 262180 262153 
262399 262347 262266 
262479 262460 262435 
263037 262975 262582 
263636 263151 263086 
263839 263679 263661 
263961 263942 263900 
264227 264052 264025 
264604 264560 264531 
264852 264793 264690 
265101 265055 264932 
265374 265286 265255 
265635 265505 265496 
265778 265762 265726 
266054 265898 265825 
266157 266155 266073 
266702 266676 266182 
267100 266845 266705 
267550 267358 267162 
267643 267601 267589 
267802 267756 267712 
268073 268006 267975 
268257 268189 268119 
268485 268343 268297 
268845 268714 268600 
269064 269024 268940 
269144 269101 269092 
269427 269359 269193 
270043 269821 269551 
270295 270265 270152 
270750 270732 270695 
271025 271015 270790 
271124 271122 271074 
271342 271218 271145 
271636 271560 271439 
271977 271968 271891 
272672 272383 272158 
273037 272831 272817 
273174 273104 273090 
273269 273244 273174 
273568 273429 273361 
273620 273602 273600 
273729 273711 273645 
274006 273913 273873 
274359 274334 274188 
274622 274502 274378 
274861 274700 274697 
275240 274998 274900 
275526 275496 275478 
275832 275728 275682 
276231 276224 275886 
276347 276264 276237 
276486 276439 276350 
276965 276960 276892 
277350 277049 276972 
277582 277564 277399 
278162 278098 277760 
278444 278366 278242 
278640 278613 278468 
278816 278777 278726 
279083 278837 278836 
279256 279143 279102 
279814 279571 279355 
280315 280212 279878 
280809 280770 280327 
281266 281186 281071 
281582 281385 281345 
281744 281700 281594 
282348 282148 281889 
282783 282579 282573 
282983 282900 282827 
283162 283112 283110 
283497 283493 283353 
283634 283627 283498 
283946 283821 283659 
284318 284164 284003 
284707 284470 284440 
284843 284827 284813 
285369 285215 284893 
285555 285485 285413 
285744 285713 285708 
286099 285856 285766 
286551 286435 286145 
286752 286719 286618 
286918 286848 286808 
287200 287143 287026 
287496 287394 287312 
287728 287519 287517 
287804 287791 287757 
288106 288089 288004 
288250 288192 288166 
288976 288581 288369 
289111 289099 289087 
289414 289205 289190 
289489 289481 289467 
289832 289709 289618 
290369 290154 289941 
290530 290468 290425 
290736 290695 290599 
290981 290902 290786 
291423 291343 291095 
291645 291491 291450 
291970 291802 291701 
292230 292162 292125 
292644 292518 292380 
292948 292769 292651 
293071 292988 292976 
293437 293293 293120 
293497 293485 293472 
294018 293720 293636 
294279 294192 294024 
294417 294343 294309 
294595 294523 294497 
295001 294702 294675 
295551 295136 295023 
295686 295641 295559 
296610 296134 295963 
296939 296886 296651 
297212 296987 296974 
297324 297316 297293 
297410 297382 297381 
297900 297841 297473 
298291 298038 298003 
298446 298372 298364 
298544 298514 298472 
299111 298995 298750 
299695 299505 299461 
300087 299963 299784 
300211 300176 300096 
300571 300481 300318 
300963 300919 300843 
301514 301159 301143 
301742 301677 301662 
301908 301903 301759 
302224 302003 301923 
302386 302346 302331 
302993 302623 302456 
303474 303408 303230 
303952 303706 303494 
304113 304098 304026 
304275 304241 304175 
304387 304344 304330 
304973 304651 304540 
305357 305336 305013 
305629 305450 305438 
306324 305959 305761 
306801 306762 306598 
306945 306940 306811 
307421 307341 306952 
307516 307493 307470 
307949 307792 307493 
308237 308177 307990 
308467 308297 308241 
308618 308557 308474 
308866 308746 308681 
309196 309159 308936 
309368 309321 309261 
309795 309669 309488 
310026 309928 309877 
310610 310198 310088 
310826 310691 310658 
311053 311048 310933 
311433 311199 311155 
311876 311505 311488 
311988 311958 311903 
312408 312380 312077 
312552 312442 312425 
312859 312748 312561 
313187 313124 313117 
313473 313353 313217 
313611 313535 313480 
313940 313806 313627 
314067 314035 313974 
314173 314162 314159 
314218 314205 314183 
314867 314689 314659 
315014 314913 314907 
315332 315203 315024 
315463 315436 315407 
315798 315541 315520 
316242 316169 315931 
316460 316380 316314 
316812 316579 316567 
316937 316921 316827 
317148 317120 316988 
317191 317164 316988 
317483 317475 317214 
318055 317803 317679 
318508 318348 318305 
319298 319104 318850 
319482 319411 319329 
319959 319860 319767 
320061 320008 319961 
320249 320200 320195 
320622 320481 320363 
320840 320739 320724 
321106 321089 321077 
321188 321178 321118 
321345 321261 321234 
321652 321407 321349 
321885 321879 321811 
322136 321943 321912 
322466 322372 322140 
323017 322754 322662 
323506 323239 323031 
323663 323605 323545 
324052 323811 323735 
324228 324164 324162 
324321 324282 324254 
324579 324543 324467 
324948 324937 324763 
325377 325204 324973 
325831 325481 325397 
326087 325897 325892 
326355 326327 326108 
326603 326454 326383 
326798 326752 326669 
327483 327281 326917 
327862 327702 327641 
328106 328059 327911 
328495 328482 328325 
328673 328595 328572 
329113 329013 328763 
329449 329284 329213 
329802 329657 329600 
330202 330139 329986 
330766 330723 330257 
330925 330828 330771 
331328 331117 331001 
331802 331798 331354 
332055 331976 331862 
332488 332478 331862 
332679 332678 332563 
332877 332876 332697 
332987 332956 332935 
333363 333334 333068 
333587 333575 333530 
333700 333611 333607 
333948 333850 333844 
334130 334075 333959 
334233 334225 334198 
334804 334384 334296 
335430 335278 334877 
335627 335586 335456 
335761 335726 335674 
335883 335848 335813 
336329 336305 336258 
336638 336375 336343 
336851 336723 336642 
337094 337082 336979 
337437 337166 337113 
337547 337544 337502 
337879 337678 337607 
338020 337936 337885 
338617 338511 338138 
338909 338889 338827 
339194 339058 339042 
339486 339278 339276 
339701 339606 339520 
340040 339797 339756 
340256 340103 340047 
340413 340395 340331 
340590 340548 340489 
340733 340724 340685 
341216 340910 340839 
341401 341297 341258 
341500 341462 341425 
341774 341751 341678 
342137 342052 342033 
342249 342215 342194 
342631 342617 342370 
343011 342996 342709 
343456 343249 343059 
343662 343604 343591 
344021 343855 343820 
344336 344326 344124 
344579 344496 344377 
344743 344684 344654 
345088 345044 344837 
345368 345277 345153 
345720 345591 345377 
345805 345778 345765 
346005 345975 345968 
346132 346044 346043 
346286 346262 346246 
346363 346360 346297 
346563 346545 346522 
346873 346706 346615 
347155 347138 347049 
347381 347264 347218 
347637 347539 347508 
347905 347785 347653 
348159 348026 347933 
348450 348441 348271 
348907 348710 348612 
349134 349060 348951 
349274 349230 349203 
349460 349381 349339 
349767 349606 349471 
349969 349965 349864 
350006 350002 349993 
350491 350458 350148 
350624 350549 350538 
350964 350937 350663 
351094 351093 351013 
351346 351329 351283 
351538 351506 351501 
352001 351858 351770 
352398 352388 352349 
352695 352604 352456 
353109 352814 352802 
353242 353150 353123 
353451 353407 353246 
353767 353570 353496 
353923 353898 353778 
354551 353965 353933 
354857 354786 354572 
355119 355063 354993 
355264 355241 355225 
355520 355503 355312 
356085 356002 355758 
356210 356108 356085 
356653 356566 356430 
356821 356747 356672 
356925 356834 356821 
357146 357100 356926 
357375 357330 357183 
357725 357678 357544 
357898 357807 357771 
358067 357994 357971 
358346 358219 358217 
358659 358640 358560 
359106 359099 359020 
359539 359515 359421 
359725 359673 359547 
359905 359884 359860 
360116 359976 359937 
360461 360273 360162 
360819 360590 360510 
361101 361044 361016 
361324 361292 361204 
361692 361564 361361 
362240 361967 361696 
362762 362542 362459 
363074 363016 363008 
363270 363192 363165 
363631 363468 363338 
363899 363868 363636 
364133 364130 364077 
364462 364319 364203 
364627 364556 364479 
365449 365446 365054 
365706 365670 365600 
366438 366413 366296 
366732 366707 366647 
367069 366814 366761 
367318 367246 367185 
367536 367527 367495 
368074 367707 367637 
368536 368510 368328 
368827 368725 368608 
369252 369165 369058 
369615 369547 369290 
369996 369854 369697 
370586 370203 370065 
371150 370870 370695 
371775 371727 371219 
371864 371860 371835 
372089 372076 371971 
372674 372200 372098 
372813 372802 372717 
373021 372916 372898 
373432 373359 373357 
374202 373670 373459 
374529 374399 374360 
374698 374579 374531 
374930 374923 374838 
375186 375145 374960 
375501 375490 375255 
375597 375502 375490 
375881 375679 375599 
376160 375941 375905 
376215 376210 376203 
376498 376392 376388 
376628 376552 376524 
376757 376731 376678 
376978 376963 376790 
377192 377179 376986 
377516 377459 377447 
378151 377889 377521 
378685 378529 378511 
378780 378748 378706 
379280 379098 378965 
379722 379534 379332 
379868 379815 379754 
380311 380177 380153 
380462 380421 380371 
380909 380672 380568 
381380 380987 380935 
381667 381658 381594 
382185 382098 381946 
382253 382240 382237 
382509 382466 382463 
382697 382649 382556 
382831 382767 382703 
383081 382999 382855 
383467 383403 383263 
383552 383538 383510 
383837 383824 383759 
384145 384010 383925 
384604 384451 384434 
384708 384664 384652 
384950 384836 384831 
385267 385160 385037 
385509 385455 385349 
385826 385825 385539 
386097 385884 385848 
387064 386515 386475 
387171 387166 387119 
387407 387245 387197 
387569 387533 387496 
387630 387618 387612 
387686 387671 387668 
387999 387977 387693 
388102 388028 388005 
388479 388466 388153 
388752 388685 388635 
389361 388958 388786 
389429 389413 389392 
389784 389776 389743 
389980 389941 389807 
390093 390061 390032 
390329 390307 390095 
390503 390419 390417 
390697 390540 390535 
391330 390882 390873 
391469 391452 391420 
391694 391668 391603 
391879 391851 391846 
392173 392072 391956 
392341 392287 392191 
392474 392473 392453 
392725 392668 392656 
393042 392978 392854 
393290 393122 393057 
393932 393864 393749 
394206 394200 394070 
394550 394530 394268 
394807 394760 394556 
395064 395008 394883 
395236 395212 395066 
395624 395614 395607 
395819 395718 395697 
396239 396213 395872 
396958 396584 396537 
397106 397029 396985 
397391 397187 397146 
397626 397616 397520 
397998 397789 397781 
399013 398209 398084 
400198 400183 399380 
400257 400232 400220 
400583 400450 400400 
401006 400918 400647 
401109 401097 401035 
401421 401197 401169 
401582 401540 401520 
401924 401895 401726 
402667 402489 402068 
402941 402850 402776 
403578 403379 403305 
403657 403611 403609 
403829 403809 403676 
404344 404209 403929 
404493 404473 404468 
404901 404811 404588 
405149 405106 404954 
405623 405604 405488 
406189 406168 406122 
406450 406387 406226 
406540 406503 406464 
407843 407076 406907 
407928 407911 407874 
408297 408284 408015 
408658 408522 408448 
409264 409214 408768 
409485 409372 409276 
409724 409710 409595 
410048 409918 409740 
410176 410154 410096 
410516 410388 410364 
410998 410604 410600 
411646 411572 411470 
412026 412022 411836 
412118 412069 412028 
412395 412322 412256 
412488 412419 412412 
412754 412656 412600 
412957 412945 412929 
413028 413006 412960 
413572 413235 413040 
413728 413674 413580 
413834 413802 413729 
415172 414779 414358 
415585 415229 415198 
416506 416106 415838 
416755 416753 416665 
416925 416864 416818 
417030 417026 416966 
417427 417403 417180 
417585 417530 417482 
418005 417834 417811 
418113 418105 418065 
418501 418304 418162 
419396 418951 418856 
420005 419664 419431 
420503 420313 420197 
420811 420804 420702 
420962 420828 420821 
421126 421035 421016 
421496 421159 421145 
421787 421531 421520 
422356 422131 422008 
422856 422638 422372 
423032 422964 422955 
423194 423124 423073 
423310 423266 423250 
423377 423369 423343 
423555 423383 423343 
424114 423943 423924 
424353 424339 424156 
424514 424479 424359 
424880 424721 424549 
425080 424986 424895 
425285 425257 425204 
425558 425358 425307 
425719 425678 425611 
425875 425832 425769 
426294 426106 425908 
426591 426545 426541 
427087 426903 426679 
427473 427456 427242 
427792 427665 427485 
427911 427906 427896 
428304 428107 428057 
428395 428344 428324 
428434 428413 428398 
428870 428691 428483 
429169 429081 429046 
429539 429484 429343 
429803 429728 429580 
430104 429934 429835 
430580 430301 430164 
430780 430756 430604 
431056 430971 430942 
431284 431216 431089 
431390 431381 431324 
431783 431662 431555 
432018 431923 431830 
432555 432302 432173 
432691 432611 432574 
432865 432765 432762 
433038 433019 432968 
433397 433231 433137 
433890 433496 433409 
434042 433987 433911 
434293 434224 434177 
434381 434333 434301 
434604 434574 434439 
434757 434705 434654 
434908 434823 434783 
435139 434995 434973 
435299 435240 435178 
435516 435500 435430 
435843 435824 435696 
436052 436049 435953 
436281 436207 436125 
436612 436572 436546 
436874 436800 436673 
437030 436935 436910 
437340 437310 437158 
437710 437623 437475 
437951 437808 437775 
438500 438457 438197 
438943 438799 438730 
439245 439221 439088 
439546 439437 439278 
440233 440099 439582 
440418 440406 440346 
440660 440589 440541 
440824 440823 440721 
440897 440877 440856 
441272 441187 440937 
441617 441374 441281 
441737 441727 441673 
442159 442093 441814 
442255 442202 442177 
442329 442314 442305 
442595 442581 442502 
442996 442989 442857 
443347 443257 442999 
443636 443544 443507 
443772 443767 443662 
444097 444049 443802 
444393 444388 444170 
444665 444567 444551 
444767 444761 444699 
444845 444831 444784 
445111 445097 445004 
445264 445242 445130 
445712 445521 445371 
445975 445942 445786 
446090 446022 445977 
446691 446413 446090 
447043 446908 446844 
447404 447203 447120 
447491 447476 447456 
448020 447757 447603 
448153 448052 448037 
448543 448464 448163 
448652 448594 448558 
448808 448700 448690 
449419 449306 448960 
449988 449908 449587 
450419 450414 450380 
450655 450587 450559 
451058 450992 450833 
451527 451326 451258 
451633 451581 451575 
452318 452167 451938 
452722 452566 452534 
452873 452846 452757 
453252 453199 452878 
453607 453473 453380 
453897 453882 453713 
454358 454151 454062 
454625 454405 454386 
454921 454812 454667 
455140 454938 454929 
455488 455393 455347 
456112 455782 455697 
457085 456770 456504 
457315 457211 457210 
457581 457529 457374 
457757 457634 457592 
457885 457869 457791 
458208 458008 457887 
458683 458628 458279 
459444 459439 459000 
460015 459816 459558 
460305 460186 460018 
460876 460736 460454 
461018 461007 460957 
461572 461305 461038 
461670 461630 461617 
461902 461841 461834 
462610 462358 462180 
462864 462703 462619 
463043 463003 462866 
463351 463324 463170 
463616 463582 463366 
464389 464299 463908 
464714 464577 464398 
465354 464914 464773 
465510 465486 465357 
465885 465857 465697 
466093 466036 465894 
466690 466594 466540 
466908 466723 466695 
467118 467081 467011 
467185 467154 467122 
467493 467332 467248 
467674 467545 467532 
467784 467783 467745 
468164 468141 467946 
468301 468217 468177 
468691 468547 468389 
468843 468747 468711 
469093 468926 468899 
469433 469380 469216 
469673 469580 469511 
469796 469761 469721 
470266 470237 470150 
470542 470426 470384 
470777 470597 470596 
471030 470965 470955 
471471 471353 471076 
471864 471687 471586 
471936 471931 471893 
472342 472108 472077 
472797 472732 472620 
473321 473193 472977 
473672 473575 473466 
474269 474256 473937 
474387 474353 474350 
474503 474453 474397 
474696 474603 474557 
474904 474748 474731 
475105 475085 474910 
475270 475192 475160 
475730 475642 475508 
475872 475780 475768 
475994 475934 475907 
476419 476260 476087 
476479 476459 476448 
476962 476843 476496 
477275 477172 476976 
477935 477773 477305 
478068 478051 478042 
478368 478233 478104 
478866 478514 478399 
479118 478964 478912 
479454 479282 479187 
479635 479516 479494 
479915 479878 479723 
480291 480171 480156 
480394 480314 480300 
480580 480574 480458 
480647 480644 480625 
480811 480773 480664 
481077 481001 480860 
481254 481189 481134 
481583 481580 481513 
482351 482056 482018 
483017 482799 482608 
483291 483071 483020 
483491 483411 483310 
484025 483921 483592 
484153 484077 484060 
484613 484530 484306 
484950 484772 484722 
485433 485293 484977 
485554 485533 485433 
486003 485935 485829 
486695 486634 486534 
486936 486818 486727 
487044 486998 486995 
487240 487229 487172 
487375 487326 487268 
487783 487759 487636 
488128 488056 488030 
488405 488368 488289 
488732 488637 488429 
489288 489232 489119 
489829 489605 489526 
490048 490022 489934 
490324 490270 490128 
490437 490391 490377 
490901 490809 490682 
491369 491322 491162 
491660 491617 491606 
492180 492176 492032 
492420 492388 492291 
492847 492731 492563 
493203 493075 492925 
493734 493716 493323 
494084 494064 493926 
494203 494196 494118 
494414 494362 494280 
494534 494520 494454 
494821 494734 494669 
495055 495026 494898 
495249 495226 495202 
495668 495428 495333 
496101 495975 495710 
496453 496381 496252 
496814 496560 496469 
497309 497308 497266 
497567 497418 497326 
497992 497765 497668 
498409 498091 498059 
498635 498536 498464 
498767 498766 498732 
499116 499055 498919 
499343 499235 499183 
499452 499389 499351 
499789 499702 499477 
499870 499850 499835 
500054 499945 499908 
500306 500291 500196 
500386 500356 500348 
500596 500562 500409 
501351 501297 501139 
501869 501768 501677 
501957 501955 501677 
502541 502362 502084 
503064 502958 502583 
503166 503142 503126 
503300 503288 503200 
503727 503530 503316 
503858 503735 503731 
504166 504053 504008 
504416 504284 504235 
504550 504533 504501 
504617 504614 504598 
504822 504700 504646 
505192 505182 505142 
505380 505294 505283 
505534 505496 505387 
505999 505726 505536 
506649 506190 506171 
506955 506939 506774 
507244 507220 507216 
507576 507464 507321 
508259 507982 507581 
508412 508398 508273 
508589 508498 508448 
508793 508696 508668 
508878 508841 508824 
509101 509050 508999 
509330 509300 509224 
509467 509409 509380 
509573 509545 509478 
510173 509817 509709 
510350 510343 510336 
510529 510523 510378 
510748 510738 510553 
510854 510842 510794 
511237 510880 510857 
511576 511562 511439 
511921 511812 511632 
511980 511955 511934 
512316 512022 511993 
512745 512678 512574 
513114 512961 512818 
513285 513245 513133 
513580 513489 513297 
514251 514232 513649 
514459 514450 514307 
514842 514652 514624 
515048 514939 514900 
515359 515333 515233 
516011 515421 515403 
516297 516274 516245 
516549 516394 516307 
516699 516671 516608 
517285 516965 516887 
517665 517363 517352 
518126 517793 517676 
518317 518195 518191 
518629 518552 518370 
519049 518802 518665 
519315 519163 519070 
519608 519369 519336 
519862 519718 519672 
520062 520032 519940 
520501 520361 520358 
520676 520658 520580 
520914 520728 520727 
521167 521150 520728 
521672 521645 521582 
522152 522099 522083 
522893 522633 522463 
523227 523219 523167 
523619 523534 523389 
523966 523929 523711 
524181 524161 524095 
524517 524280 524218 
525172 524565 524544 
525386 525338 525200 
525504 525412 525410 
526106 526069 525820 
526749 526727 526489 
526969 526893 526845 
527439 527177 527175 
527950 527797 527653 
527966 527965 527954 
528283 528154 528135 
528657 528442 528330 
529012 528971 528680 
529114 529073 529029 
529305 529301 529124 
529614 529515 529377 
529818 529701 529692 
530138 530011 529895 
530536 530503 530444 
530821 530768 530642 
531271 530884 530873 
531534 531452 531390 
531844 531605 531552 
532100 532091 532004 
532386 532384 532108 
532697 532410 532402 
533029 532920 532699 
533392 533099 533069 
533575 533571 533501 
533914 533858 533706 
534186 534062 534036 
534516 534424 534388 
534707 534698 534633 
534880 534827 534739 
535161 535034 534909 
535658 535561 535172 
535920 535829 535690 
536394 536281 535926 
536541 536525 536496 
536795 536657 536619 
537350 537290 536802 
537503 537468 537399 
538067 537962 537748 
538470 538399 538186 
539035 538906 538705 
539443 539294 539071 
539789 539706 539547 
539940 539902 539864 
540096 539976 539963 
540219 540160 540130 
540490 540346 540301 
540582 540550 540534 
540667 540662 540628 
540754 540731 540728 
540918 540904 540892 
541243 541155 541066 
541531 541460 541387 
541940 541765 541732 
542118 542070 542051 
542543 542270 542214 
542639 542593 542550 
542823 542812 542751 
543081 543071 542870 
543469 543460 543318 
543618 543608 543607 
544095 543932 543648 
544363 544289 544174 
544793 544566 544522 
545095 544927 544809 
545508 545444 545264 
546013 545884 545739 
546229 546054 546027 
546427 546272 546231 
546699 546687 546569 
547042 546943 546833 
547284 547140 547125 
547529 547388 547317 
547650 547649 547620 
547851 547839 547802 
548632 548477 548464 
548789 548670 548654 
549197 549132 548938 
549926 549821 549367 
550215 550040 550001 
550449 550382 550304 
550519 550500 550459 
550898 550839 550577 
551146 551096 551043 
551435 551416 551304 
551850 551672 551304 
552450 552438 552350 
552638 552544 552530 
553221 553037 552725 
553517 553430 553311 
553906 553893 553566 
554452 554446 554442 
554794 554778 554725 
554974 554944 554858 
555049 555023 555002 
555256 555103 555049 
555361 555344 555298 
555701 555639 555537 
555832 555814 555792 
556508 556162 556142 
556990 556717 556660 
557225 557188 557050 
557401 557396 557373 
557642 557448 557445 
558195 558127 557767 
558521 558386 558208 
558886 558853 558557 
559463 559234 558921 
559627 559619 559494 
559774 559715 559703 
560104 559967 559848 
560646 560630 560165 
560732 560672 560656 
561230 561011 560875 
561692 561656 561406 
562018 561994 561820 
562397 562393 562163 
562629 562618 562451 
562773 562697 562640 
562932 562875 562788 
563151 563135 562955 
563236 563230 563221 
563749 563615 563366 
564229 563854 563759 
564468 564437 564306 
565352 565303 565003 
565545 565489 565416 
565687 565570 565548 
565859 565743 565713 
566242 566233 566163 
566561 566536 566441 
566935 566840 566613 
567271 567062 566975 
567454 567398 567276 
567829 567810 567606 
568010 567873 567848 
568114 568082 568016 
568345 568287 568124 
568641 568461 568404 
568737 568728 568691 
569048 569037 568911 
569477 569260 569250 
569781 569657 569645 
570357 570103 569782 
570494 570473 570414 
570828 570770 570670 
571002 570937 570829 
571168 571043 571006 
571221 571211 571188 
571414 571380 571309 
572043 571429 571418 
572400 572338 572144 
572847 572762 572604 
573284 572958 572936 
573548 573547 573466 
573869 573752 573609 
574020 574019 573923 
574200 574093 574062 
574771 574686 574504 
574948 574887 574830 
575342 575245 575132 
575717 575714 575673 
576015 575864 575789 
576118 576097 576052 
576298 576249 576159 
576500 576499 576388 
576783 576749 576540 
577359 576877 576868 
577552 577506 577468 
577746 577629 577581 
578230 578157 577865 
578363 578336 578290 
578474 578468 578465 
578784 578611 578530 
579088 579024 578897 
579409 579180 579146 
579722 579637 579537 
580408 580327 579997 
580520 580488 580446 
580896 580889 580658 
580998 580954 580946 
581336 581177 581167 
581516 581462 581426 
581810 581723 581596 
582155 582034 582023 
582326 582315 582167 
582511 582346 582344 
582787 582697 582635 
582945 582920 582919 
583573 583482 583054 
583917 583844 583583 
584158 584038 583583 
584367 584361 584230 
584457 584431 584411 
584533 584512 584478 
585048 584828 584820 
585334 585235 585110 
585671 585637 585463 
586015 585937 585701 
586237 586148 586112 
586365 586356 586246 
586918 586800 586714 
587198 587146 587038 
587402 587321 587306 
587692 587546 587443 
588035 587973 587807 
588325 588272 588247 
588693 588606 588397 
589116 588975 588812 
589572 589296 589184 
589831 589693 589647 
590040 589903 589871 
590377 590214 590079 
590445 590429 590393 
591056 590961 590733 
591364 591298 591239 
591820 591738 591678 
592401 592359 592264 
592528 592460 592413 
592634 592601 592550 
592874 592836 592770 
593046 592978 592916 
593088 593084 593061 
593275 593236 593123 
593759 593441 593319 
594097 594087 594069 
594381 594225 594179 
594715 594464 594384 
594819 594794 594738 
595126 595036 594896 
595242 595174 595150 
595493 595488 595373 
595991 595899 595745 
596095 596065 596042 
596572 596517 596477 
596738 596711 596682 
597020 596783 596750 
597295 597086 597052 
597335 597313 597307 
597681 597649 597370 
597756 597733 597726 
597872 597766 597756 
598022 597986 597907 
598199 598145 598119 
598475 598433 598403 
598621 598611 598551 
599102 598778 598654 
599467 599300 599148 
600016 599734 599672 
600173 600108 600058 
600599 600534 600379 
600894 600672 600630 
600970 600969 600672 
601519 601357 601124 
601700 601536 601528 
602023 601998 601901 
602227 602136 602057 
602370 602349 602300 
602493 602435 602384 
602876 602658 602609 
603414 603139 602609 
603719 603656 603614 
604011 603923 603859 
604153 604113 604112 
604577 604353 604224 
605385 604803 604703 
605525 605498 605482 
605722 605612 605610 
606124 605893 605727 
606338 606213 606160 
606506 606488 606452 
606631 606597 606583 
607005 606851 606844 
607199 607179 607095 
607441 607246 607211 
607504 607466 607456 
607678 607523 607506 
607793 607781 607757 
608112 608086 607881 
608172 608163 608156 
608329 608303 608176 
608650 608623 608402 
608793 608788 608711 
609144 609085 609042 
609215 609211 609180 
609568 609295 609290 
609817 609790 609744 
610416 610272 610245 
610640 610477 610434 
610860 610755 610720 
611012 611002 610998 
611389 611358 611066 
611793 611756 611577 
611910 611807 611802 
612205 612123 611949 
612536 612479 612355 
612878 612866 612770 
613039 613019 612887 
613369 613234 613042 
613872 613616 613383 
614049 614042 614038 
614306 614273 614053 
614643 614478 614408 
614962 614946 614883 
615738 614976 614971 
615902 615825 615755 
616113 616082 615903 
616281 616238 616146 
616791 616510 616508 
616968 616904 616896 
617273 617268 616981 
617586 617407 617302 
617711 617654 617588 
618206 618047 617884 
618646 618266 618247 
618917 618777 618708 
619256 619164 618980 
619612 619591 619455 
619718 619695 619633 
620457 620383 620137 
620578 620488 620462 
620885 620819 620797 
621291 621225 620899 
621410 621392 621382 
621861 621615 621548 
622458 622324 621873 
622707 622611 622505 
623175 622945 622833 
623386 623376 623225 
624110 623460 623451 
624777 624754 624719 
625125 624990 624817 
625411 625243 625190 
625597 625557 625533 
626029 625906 625779 
626539 626282 626138 
626662 626648 626618 
626901 626894 626799 
627475 627367 627096 
627847 627831 627797 
628253 628120 627929 
628422 628344 628343 
629022 628745 628707 
629611 629574 629376 
629966 629882 629742 
630680 630397 630133 
631248 631177 631078 
631690 631514 631336 
632051 631984 631863 
632395 632173 632107 
632937 632699 632623 
633169 633073 632980 
633488 633326 633317 
633764 633581 633561 
634118 634005 633783 
634431 634397 634382 
634596 634576 634517 
634676 634634 634610 
634808 634788 634779 
634989 634886 634874 
635074 635027 635016 
635370 635340 635123 
635878 635786 635123 
636364 636098 636030 
636833 636449 636373 
636990 636970 636896 
637218 637162 636995 
637398 637327 637224 
637578 637406 637403 
637899 637865 637646 
638092 638059 637935 
638384 638352 638249 
638627 638544 638517 
638726 638665 638640 
639046 638981 638746 
639490 639384 639201 
639673 639590 639523 
640006 639955 639784 
640397 640200 640142 
640822 640557 640521 
641159 640996 640995 
641553 641526 641322 
641683 641622 641585 
641860 641816 641814 
642267 642124 642073 
642746 642668 642313 
643245 643031 642928 
643712 643604 643456 
643939 643897 643827 
644069 644013 643957 
644192 644174 644070 
644312 644297 644288 
644554 644522 644436 
644766 644761 644622 
644924 644865 644789 
645236 645203 645160 
645695 645568 645330 
646112 645858 645770 
646283 646276 646241 
646749 646712 646564 
646963 646853 646806 
647127 647110 647042 
647467 647236 647206 
647652 647525 647490 
648069 648028 647671 
648944 648486 648117 
649052 649026 648966 
649358 649232 649140 
649809 649800 649705 
649994 649860 649852 
650503 650480 650224 
650648 650644 650569 
651158 650851 650790 
651569 651568 651506 
652086 651599 651590 
652155 652116 652101 
652360 652289 652250 
652996 652890 652584 
653620 653259 653017 
653959 653808 653767 
654012 653996 653964 
654506 654423 654159 
654568 654537 654525 
654725 654717 654662 
655155 655087 654745 
655392 655255 655254 
655681 655617 655615 
655872 655818 655688 
656164 656069 655968 
656678 656628 656263 
656778 656742 656681 
656922 656898 656793 
657193 657116 656937 
657558 657548 657425 
657761 657719 657582 
658585 658563 658439 
658987 658637 658625 
659292 659186 659141 
659598 659475 659328 
660010 659826 659659 
660535 660165 660082 
660842 660772 660653 
661389 661151 660957 
661876 661661 661578 
662012 662010 661948 
662336 662327 662246 
662642 662505 662437 
663158 663084 662907 
663447 663419 663379 
663595 663580 663516 
663956 663951 663791 
664579 664419 664119 
664898 664636 664606 
665104 665009 665000 
665649 665624 665420 
665676 665659 665652 
666203 666125 665874 
666359 666278 666245 
666624 666519 666492 
667314 667120 666892 
667678 667514 667475 
668008 667952 667909 
668245 668243 668149 
668477 668449 668328 
668529 668512 668488 
668973 668754 668616 
669211 669131 669101 
670054 669444 669386 
670275 670258 670076 
670609 670515 670406 
671167 670904 670857 
671339 671284 671200 
671658 671586 671412 
671882 671868 671691 
672112 672012 671996 
672342 672316 672218 
672470 672468 672437 
673004 672981 672565 
673214 673207 673083 
673455 673324 673289 
673619 673585 673496 
674084 674039 673837 
674293 674272 674138 
674712 674582 674425 
675059 674915 674854 
675205 675164 675160 
675417 675411 675217 
675590 675576 675480 
676244 675903 675664 
676766 676709 676701 
677026 676934 676875 
677194 677063 676934 
677524 677517 677358 
677822 677558 677530 
678316 678019 677893 
678492 678466 678331 
678998 678972 678522 
679174 679123 679089 
679447 679439 679420 
679672 679604 679600 
679926 679921 679691 
680021 680010 679962 
680460 680302 680149 
680674 680655 680534 
681180 680907 680803 
681462 681355 681340 
681931 681807 681498 
682347 682199 682089 
682594 682500 682454 
682991 682919 682907 
683249 683197 683013 
683608 683526 683511 
684039 683837 683681 
684166 684149 684095 
684302 684295 684241 
684780 684654 684313 
685082 684822 684795 
685209 685200 685193 
685356 685292 685281 
685542 685443 685389 
685765 685581 685571 
685848 685806 685770 
686006 685978 685956 
686132 686046 686023 
686402 686288 686230 
686671 686564 686413 
686967 686718 686703 
687755 687375 687109 
688143 688089 688072 
688610 688381 688370 
688872 688856 688816 
688929 688904 688892 
689191 689081 688989 
689477 689452 689293 
689776 689669 689599 
689919 689832 689815 
690166 689953 689928 
690301 690251 690223 
690373 690350 690334 
690795 690779 690429 
690937 690924 690911 
691034 690975 690965 
691237 691222 691147 
691464 691337 691288 
691539 691506 691467 
691871 691802 691561 
692220 692200 692178 
692513 692360 692298 
692708 692701 692600 
692867 692817 692722 
693095 693016 692936 
693790 693671 693257 
693872 693842 693833 
694186 694058 693888 
694377 694360 694241 
694474 694462 694390 
694606 694541 694501 
694725 694658 694629 
695224 695120 694917 
695348 695288 695257 
695863 695840 695484 
695921 695909 695879 
696137 696007 695968 
696319 696239 696200 
696455 696454 696416 
696796 696670 696579 
696899 696892 696825 
697632 697236 696921 
697714 697679 697671 
698088 697946 697831 
698241 698240 698177 
698427 698408 698347 
699089 698868 698516 
699664 699479 699383 
700011 699913 699776 
700585 700381 700161 
700894 700864 700672 
701000 700944 700903 
701223 701193 701180 
701363 701258 701223 
701590 701470 701424 
701667 701625 701609 
701847 701798 701754 
702081 702033 701886 
702538 702502 702386 
702885 702850 702622 
703228 702942 702903 
703409 703339 703325 
704032 703802 703733 
704154 704104 704052 
704551 704489 704452 
704799 704745 704646 
705222 705068 704913 
705448 705427 705370 
705890 705792 705683 
706714 706339 706201 
707057 706742 706741 
707317 707313 707224 
707612 707486 707468 
707793 707765 707696 
707969 707898 707869 
708334 708140 708069 
708477 708444 708363 
708612 708611 708587 
709093 709076 708950 
709319 709208 709159 
709469 709466 709450 
709819 709630 709540 
709942 709888 709823 
710091 710011 709993 
710366 710332 710149 
710527 710499 710443 
710888 710788 710783 
711323 711146 710902 
711696 711653 711580 
711924 711909 711711 
712126 712125 712123 
712427 712329 712169 
712520 712502 712434 
712739 712699 712610 
713044 712787 712782 
713298 713224 713218 
713597 713374 713307 
713677 713674 713628 
714301 714225 714213 
714484 714464 714385 
714887 714857 714776 
715110 715003 714957 
715415 715178 715130 
715824 715701 715461 
716152 716092 716046 
716304 716300 716187 
716601 716520 716422 
716754 716737 716689 
717075 716927 716793 
717514 717394 717127 
717940 717865 717577 
718413 718193 718014 
718639 718576 718417 
718815 718741 718736 
719177 719126 718845 
719378 719365 719236 
719482 719473 719408 
719638 719574 719507 
720135 720079 720021 
720315 720311 720305 
720660 720450 720315 
720982 720981 720948 
721073 721040 720987 
721124 721092 721085 
721300 721249 721235 
721837 721606 721359 
721945 721936 721913 
722696 722635 722036 
723203 723131 723040 
723722 723299 723239 
724162 724092 723750 
724385 724315 724216 
724743 724484 724416 
725188 725100 724797 
725475 725362 725206 
725550 725514 725493 
725937 725787 725660 
726183 726041 725952 
726413 726370 726223 
726841 726731 726565 
727144 726987 726919 
727343 727341 727340 
727757 727526 727524 
728135 728085 727783 
728233 728211 728200 
728337 728322 728287 
728574 728566 728480 
728909 728831 728752 
729370 729241 729076 
729572 729512 729408 
729831 729829 729768 
730084 730070 729872 
730580 730453 730409 
730998 730824 730666 
731362 731207 731007 
731676 731671 731555 
731908 731898 731776 
732211 732131 732052 
732383 732260 732245 
732999 732726 732556 
733202 733152 733115 
733334 733299 733298 
733675 733504 733412 
734056 733846 733684 
734307 734114 734079 
734621 734618 734503 
734833 734644 734630 
735187 734964 734872 
735694 735679 735571 
735764 735743 735695 
735924 735914 735864 
736420 736288 736094 
736627 736588 736519 
736877 736866 736667 
737147 736961 736887 
738097 737770 737224 
738438 738320 738222 
739189 739140 739012 
739369 739283 739276 
739503 739449 739439 
740000 739875 739766 
740145 740143 740035 
740368 740358 740222 
740641 740503 740401 
740817 740744 740655 
741313 741262 741216 
741465 741462 741456 
741698 741609 741593 
741920 741827 741751 
742096 742059 742035 
742381 742372 742215 
742682 742524 742449 
743122 743017 742991 
743438 743409 743140 
743870 743855 743817 
744110 743951 743907 
744439 744429 744262 
744513 744508 744466 
744666 744647 744524 
745049 744937 744832 
745534 745506 745257 
745766 745641 745569 
746125 745962 745923 
746425 746303 746278 
747136 746977 746622 
747559 747363 747327 
747659 747635 747575 
747719 747706 747697 
747962 747830 747790 
748147 748114 747996 
748512 748450 748290 
749046 748984 748793 
749682 749668 749290 
749903 749897 749834 
750000 749970 749954 
750155 750097 750074 
750223 750206 750161 
750965 750786 750659 
751182 751172 750967 
751269 751226 751204 
751439 751429 751428 
751643 751622 751509 
752177 752168 751708 
752427 752301 752194 
752558 752555 752439 
752709 752691 752633 
752928 752830 752735 
753337 753288 753142 
753651 753484 753368 
753826 753802 753743 
754056 753969 753943 
754394 754366 754107 
754721 754653 754634 
755028 754893 754809 
755171 755157 755073 
755578 755427 755258 
755745 755626 755585 
755957 755942 755847 
756282 756224 756181 
756356 756331 756314 
756596 756543 756463 
756790 756716 756637 
757146 756890 756844 
757644 757480 757242 
758084 757952 757773 
758423 758248 758225 
758648 758620 758528 
758720 758716 758679 
759143 759018 758923 
759501 759485 759210 
759619 759593 759507 
759738 759725 759645 
760279 760199 759774 
761128 760784 760443 
761292 761217 761161 
761489 761481 761398 
761879 761779 761565 
762058 762022 761925 
762452 762334 762086 
762842 762788 762513 
763348 763079 762949 
763816 763675 763430 
764225 764063 763934 
764480 764386 764260 
764873 764824 764761 
765183 765097 765051 
765318 765252 765226 
765564 765508 765502 
765957 765930 765860 
766147 766017 765958 
766356 766239 766168 
766619 766584 766534 
766829 766667 766640 
766933 766905 766888 
766975 766955 766943 
767205 767145 767082 
767511 767443 767243 
767663 767537 767533 
767873 767846 767779 
768124 768122 768008 
768824 768617 768373 
769025 768982 768870 
769138 769137 769061 
769645 769548 769199 
769759 769704 769660 
770276 770029 769916 
770522 770436 770424 
770921 770907 770894 
771161 771086 770981 
771427 771359 771338 
771636 771504 771453 
771859 771736 771709 
772100 772003 771877 
772313 772163 772157 
772600 772591 772532 
773297 773164 772763 
773727 773701 773397 
773987 773957 773890 
774152 774049 774015 
774642 774383 774207 
775073 774910 774822 
775116 775088 774910 
775916 775520 775318 
776135 776003 775923 
776536 776499 776441 
776829 776696 776678 
776910 776848 776845 
776972 776950 776848 
777168 777135 776848 
778118 778106 777477 
778482 778383 778280 
778772 778735 778497 
779002 778956 778803 
779156 779105 779091 
779315 779246 779226 
779376 779350 779340 
779659 779570 779468 
779764 779682 779667 
780520 779950 779778 
780730 780718 780674 
780974 780898 780857 
781126 781094 780857 
781569 781492 781471 
781834 781745 781578 
782115 781939 781870 
782277 782190 782121 
782401 782303 782298 
783252 782788 782574 
783456 783389 783322 
783748 783712 783546 
783851 783838 783781 
784051 784001 783920 
784182 784115 784111 
784344 784313 784228 
784450 784385 784351 
784786 784759 784699 
785096 784933 784852 
785209 785175 785141 
785476 785330 785229 
785792 785749 785531 
786285 786219 786138 
786628 786398 786351 
786782 786736 786646 
787024 786941 786914 
787226 787114 787069 
787380 787361 787326 
787790 787761 787626 
788150 788061 787857 
788488 788442 788235 
788749 788740 788625 
789312 789139 789005 
789513 789407 789356 
789800 789680 789514 
789973 789855 789846 
790523 790194 790037 
790662 790624 790563 
790978 790965 790816 
791141 791123 790978 
791432 791306 791286 
791482 791478 791477 
791907 791881 791708 
792374 792310 792264 
792465 792435 792406 
792762 792561 792515 
793007 792999 792977 
793265 793242 793089 
793385 793345 793298 
793776 793489 793298 
793896 793811 793787 
794118 794101 793998 
794317 794290 794129 
794629 794586 794520 
794681 794670 794639 
794967 794757 794715 
795350 795048 795021 
795518 795468 795385 
795656 795593 795525 
795822 795765 795726 
796078 796031 795931 
796426 796383 796172 
796763 796741 796680 
797012 796875 796804 
797281 797203 797030 
797672 797475 797450 
797702 797679 797673 
798246 797855 797781 
799038 798887 798382 
799338 799209 799058 
799457 799409 799378 
799903 799793 799516 
800088 800009 799971 
800734 800592 800437 
801318 801143 800906 
801579 801570 801443 
802111 802077 801580 
802563 802289 802175 
802805 802733 802681 
803235 803041 802973 
803322 803275 803251 
803718 803707 803497 
803874 803838 803824 
804348 804234 803980 
804694 804668 804387 
804972 804966 804787 
805269 805193 805069 
805438 805339 805331 
805590 805563 805445 
805911 805782 805592 
806120 805940 805932 
806239 806160 806126 
806724 806684 806547 
806947 806871 806821 
806999 806991 806960 
807454 807293 807126 
807887 807765 807726 
807963 807923 807890 
808047 808006 807995 
808726 808647 808065 
809068 809017 808847 
809179 809154 809109 
809268 809243 809236 
809732 809707 809581 
810043 809810 809808 
810746 810522 810507 
811159 811122 811090 
812158 812067 811293 
812399 812251 812190 
813013 812910 812604 
813068 813041 813029 
813336 813231 813204 
813922 813895 813877 
814416 814405 814041 
814580 814495 814471 
814656 814646 814583 
814861 814851 814787 
815010 814981 814972 
815049 815021 815015 
815229 815092 815067 
815323 815288 815256 
815395 815389 815334 
815707 815576 815443 
815792 815772 815736 
815862 815838 815837 
816284 816199 816090 
816809 816708 816358 
816975 816966 816826 
817665 817510 817030 
817952 817881 817776 
817979 817969 817958 
818024 817997 817992 
818233 818124 818088 
818320 818309 818290 
818622 818616 818548 
819265 819089 819069 
819465 819419 819314 
819784 819638 819546 
819989 819885 819803 
820364 820260 820157 
820789 820766 820458 
821239 821081 821062 
821481 821469 821378 
821722 821565 821557 
822338 821952 821892 
822582 822530 822406 
822790 822775 822586 
823122 823096 822918 
823458 823357 823199 
823552 823534 823525 
823815 823773 823568 
824056 823990 823949 
824446 824388 824112 
825183 824696 824526 
825577 825404 825224 
825908 825784 825691 
826008 825967 825921 
826851 826823 826494 
827090 827086 826974 
827135 827125 827100 
827384 827318 827125 
827687 827486 827423 
827867 827819 827736 
828010 827944 827926 
828190 828155 828044 
828399 828346 828255 
828687 828673 828565 
829118 828850 828826 
829324 829197 829133 
829435 829427 829337 
829849 829829 829612 
830402 830018 829940 
830883 830649 830516 
830993 830987 830889 
831325 831081 830995 
831625 831519 831379 
832032 831900 831878 
832217 832172 832112 
832408 832343 832240 
832721 832611 832528 
833031 832872 832864 
833206 833128 833048 
833511 833399 833264 
833902 833801 833793 
834415 834159 833987 
834982 834880 834416 
834999 834998 834992 
835584 835360 835112 
835689 835659 835603 
835806 835735 835718 
836189 836168 836145 
836675 836415 836217 
837117 837116 836887 
837312 837307 837244 
837582 837368 837307 
837754 837668 837650 
838028 837916 837756 
838380 838197 838076 
838695 838587 838442 
838749 838737 838735 
839250 839210 838933 
839571 839337 839280 
839668 839636 839631 
839829 839794 839774 
839950 839921 839850 
840034 840001 839955 
840205 840117 840082 
840498 840367 840253 
840821 840776 840748 
841060 840958 840931 
841284 841254 841192 
841401 841366 841321 
841526 841513 841465 
841930 841835 841774 
842296 842171 841953 
842473 842397 842377 
842556 842533 842477 
842739 842693 842622 
843316 843198 843128 
843526 843335 843324 
844105 843972 843887 
844291 844241 844188 
844627 844466 844380 
844974 844955 844850 
845311 845076 845051 
845814 845395 845332 
846241 845820 845817 
846717 846699 846494 
847094 847046 846762 
847303 847294 847109 
847402 847333 847305 
847545 847540 847498 
848180 847995 847985 
848395 848328 848232 
848502 848459 848417 
848948 848878 848507 
849466 849438 849427 
849736 849623 849612 
849879 849753 849745 
849944 849934 849892 
850091 850054 849945 
850423 850402 850165 
850595 850517 850473 
851110 851078 851003 
851395 851336 851259 
851971 851904 851463 
852324 852152 852116 
852423 852393 852385 
852607 852460 852435 
853622 853420 853083 
853770 853761 853720 
853935 853897 853856 
854219 854133 854098 
854591 854517 854351 
854675 854659 854624 
855080 854798 854793 
855301 855151 855144 
855564 855412 855310 
855979 855952 855663 
856054 856048 856028 
856190 856120 856113 
857207 856903 856722 
857485 857408 857320 
857677 857527 857504 
858573 858059 857754 
858978 858880 858574 
859416 859178 859126 
860057 859467 859422 
860244 860217 860151 
860380 860352 860313 
860586 860555 860550 
860867 860696 860627 
861073 860961 860913 
861164 861108 860913 
861335 861226 861186 
861819 861783 861348 
862277 862179 861950 
862564 862535 862446 
863135 863077 862718 
863261 863235 863205 
863482 863387 863373 
863666 863640 863575 
864018 863993 863713 
864158 864085 864074 
864537 864421 864248 
864936 864896 864600 
865338 865046 865016 
865691 865512 865400 
866254 866214 866175 
866536 866508 866410 
866795 866571 866557 
867034 866812 866810 
867264 867070 867035 
868344 867746 867391 
868520 868479 868461 
868978 868845 868747 
869336 869304 869204 
869474 869470 869392 
869796 869733 869527 
870169 870086 870020 
870420 870282 870198 
870682 870513 870463 
871085 870818 870813 
871841 871550 871546 
872209 872028 871990 
872341 872308 872248 
872934 872872 872372 
873168 872984 872952 
873533 873347 873245 
873642 873566 873553 
874175 874090 873966 
874978 874646 874252 
875544 875431 875174 
876060 875940 875797 
876183 876159 876113 
876783 876524 876379 
877005 876896 876843 
877335 877234 877068 
877416 877364 877354 
877776 877709 877678 
877849 877805 877786 
878265 878219 878044 
878614 878438 878407 
878786 878742 878681 
878828 878821 878817 
879276 879121 878871 
879786 879781 879363 
880237 880194 879855 
880503 880441 880402 
880872 880618 880538 
881328 880976 880938 
881462 881422 881392 
881509 881497 881495 
881714 881683 881522 
882058 882052 881783 
882277 882263 882256 
882378 882310 882303 
882631 882611 882464 
882821 882804 882690 
882939 882900 882861 
883145 883132 882956 
883469 883317 883244 
883748 883722 883640 
883795 883793 883776 
884246 884153 884078 
884482 884423 884254 
884756 884656 884483 
884901 884857 884837 
885077 884919 884915 
885172 885094 885087 
885472 885274 885246 
885511 885484 885479 
885730 885725 885718 
886216 886085 885890 
886367 886301 886242 
886403 886400 886388 
886584 886505 886415 
886866 886668 886614 
887082 886904 886885 
887447 887413 887336 
887720 887707 887524 
888732 888086 888056 
888928 888859 888818 
889320 889220 889181 
889655 889508 889475 
889709 889708 889696 
890068 889846 889714 
890264 890225 890150 
890628 890501 890438 
890759 890736 890629 
890883 890866 890790 
891172 890949 890888 
891673 891472 891226 
891712 891702 891472 
891928 891888 891866 
892186 892093 892036 
892565 892257 892189 
893027 892856 892586 
893557 893541 893374 
893856 893772 893699 
894185 893896 893859 
894407 894322 894310 
894532 894514 894481 
894817 894751 894590 
895337 895109 895065 
895648 895581 895391 
895979 895869 895654 
896191 896187 896084 
896519 896477 896353 
896666 896551 896546 
896831 896768 896742 
897295 897204 897165 
897466 897378 897315 
897670 897633 897517 
898096 897784 897778 
898224 898192 898147 
898285 898269 898237 
898525 898377 898363 
898958 898859 898705 
899458 899209 898962 
899720 899584 899570 
900133 900089 899835 
900285 900263 900222 
900436 900394 900372 
900901 900712 900449 
901124 901106 901091 
901512 901461 901202 
901800 901765 901700 
902340 902216 901940 
902785 902586 902445 
902871 902840 902835 
903161 903154 903092 
903629 903367 903295 
903802 903789 903750 
904125 904064 903994 
904158 904136 904131 
904235 904185 904170 
905063 904551 904538 
905271 905198 905072 
905819 905814 905577 
906187 905958 905948 
906340 906327 906192 
906481 906392 906362 
906620 906606 906583 
906680 906630 906627 
907260 907235 906757 
907391 907336 907306 
907601 907557 907430 
908012 907690 907613 
908142 908118 908017 
908457 908361 908256 
908871 908747 908491 
909167 909071 909031 
909332 909328 909295 
909810 909756 909737 
910133 909959 909906 
910320 910259 910177 
910799 910631 910420 
911001 910827 910807 
911270 911238 911204 
911688 911558 911468 
911972 911745 911733 
912323 912314 912141 
912582 912509 912430 
913055 912945 912791 
913413 913329 913060 
913565 913564 913430 
913706 913620 913597 
914142 913788 913778 
914216 914196 914195 
914535 914364 914283 
914744 914732 914662 
915546 915292 914745 
915974 915884 915577 
916757 916661 916538 
917195 916865 916821 
917311 917299 917207 
917642 917473 917355 
918223 917965 917355 
918942 918924 918592 
919257 919112 918982 
919413 919332 919303 
919612 919579 919511 
919759 919739 919644 
920232 920059 919794 
920755 920360 920339 
920860 920792 920786 
921076 921041 921026 
921200 921099 921096 
921388 921322 921310 
921542 921505 921452 
921740 921671 921645 
921820 921801 921740 
922191 922006 921918 
922357 922209 922204 
922687 922492 922392 
922831 922711 922705 
923246 923216 923099 
923726 923650 923607 
923839 923829 923782 
924013 923963 923865 
924283 924276 924239 
924433 924424 924239 
924890 924668 924639 
925085 925002 925001 
925452 925130 925102 
925643 925481 925462 
925948 925868 925851 
926343 926339 926215 
926480 926412 926376 
926807 926778 926584 
927306 927268 926900 
927657 927551 927509 
927795 927762 927711 
927981 927963 927842 
928283 928144 928052 
928639 928494 928385 
928959 928843 928808 
929030 928977 928971 
929106 929054 929051 
929166 929150 929129 
929295 929286 929196 
929466 929445 929357 
929619 929588 929560 
929802 929759 929725 
930504 930393 930175 
930771 930764 930552 
930968 930911 930843 
931239 931173 931147 
931379 931330 931308 
931873 931692 931586 
932146 931976 931964 
932931 932909 932199 
933064 933061 932938 
933146 933099 933093 
933312 933302 933154 
933420 933347 933335 
934265 933717 933594 
934979 934648 934556 
935618 935569 935222 
935832 935795 935765 
936137 936110 935959 
936350 936300 936205 
936521 936472 936413 
936908 936790 936539 
937265 937157 936949 
937408 937365 937337 
937829 937668 937519 
938365 938276 938126 
938401 938383 938376 
938626 938609 938423 
938761 938684 938631 
939404 939146 939091 
939661 939607 939600 
939881 939770 939764 
940470 940175 940059 
940865 940744 940730 
941208 941081 940948 
941494 941430 941365 
941748 941712 941598 
941978 941908 941906 
942191 942146 942058 
942276 942253 942232 
942501 942431 942299 
942976 942673 942533 
943329 943251 943024 
943684 943606 943475 
944112 943987 943766 
944258 944204 944178 
944450 944409 944294 
944751 944555 944549 
945130 944836 944752 
945391 945313 945272 
945507 945460 945451 
945712 945662 945654 
945885 945755 945731 
946044 945915 945912 
946475 946419 946114 
946645 946600 946517 
946851 946805 946773 
947117 946934 946892 
947241 947130 947124 
947452 947386 947370 
947619 947490 947479 
947859 947733 947659 
948213 947922 947891 
948513 948380 948374 
948698 948655 948614 
948799 948762 948720 
949150 949134 949017 
949598 949523 949393 
950489 950071 949896 
950592 950583 950545 
950651 950622 950598 
950792 950749 950707 
951352 950986 950940 
951606 951569 951444 
951952 951837 951681 
952515 952463 952159 
952628 952554 952544 
952990 952972 952848 
953353 953280 953025 
953722 953515 953481 
953843 953774 953730 
954205 954201 954018 
954619 954588 954477 
955011 954763 954753 
955512 955441 955239 
956138 955558 955549 
956614 956424 956220 
956851 956735 956675 
957031 957001 956989 
957115 957074 957043 
957403 957323 957224 
957554 957494 957432 
957784 957702 957554 
958145 957851 957839 
958438 958335 958273 
958656 958637 958587 
958747 958731 958721 
958851 958816 958789 
959101 958969 958935 
959426 959341 959263 
959607 959582 959514 
959723 959694 959666 
960062 959879 959831 
960345 960274 960149 
960539 960529 960348 
960784 960646 960599 
960934 960874 960869 
961327 961243 961192 
961479 961476 961380 
961784 961746 961596 
962006 961883 961853 
962550 962368 962008 
962600 962558 962556 
962661 962639 962635 
962937 962920 962687 
963289 963233 963195 
963528 963449 963300 
963796 963691 963586 
963871 963864 963853 
964183 964108 964002 
964356 964232 964216 
964562 964431 964368 
965008 964589 964573 
965064 965052 965031 
965568 965303 965245 
966292 966034 965725 
966494 966413 966347 
966844 966745 966556 
966938 966912 966844 
967327 967043 967040 
967874 967660 967600 
967996 967991 967946 
968378 968370 968144 
969022 969019 969017 
969327 969315 969118 
969722 969680 969444 
970108 969931 969848 
970315 970305 970284 
970508 970422 970338 
970772 970647 970568 
970977 970825 970785 
971447 971363 971189 
971625 971590 971472 
972021 971966 971733 
972549 972435 972370 
972608 972588 972555 
972865 972834 972628 
973211 973197 973079 
973465 973359 973325 
973799 973772 973746 
974274 974054 973956 
974699 974399 974297 
974851 974771 974732 
975435 975176 974871 
975554 975538 975466 
975656 975636 975571 
976027 975959 975754 
976215 976195 976032 
976677 976667 976262 
976984 976870 976830 
977157 977108 976995 
977478 977384 977158 
977828 977808 977729 
978102 977917 977874 
978505 978147 978128 
978762 978537 978512 
979012 978973 978774 
979112 979102 979081 
979301 979297 979250 
979607 979595 979365 
980268 980152 979736 
980467 980407 980316 
980620 980567 980554 
981056 981026 980981 
981329 981285 981157 
981668 981470 981392 
982010 981948 981708 
982270 982074 982047 
982576 982378 982312 
982967 982816 982699 
983100 983023 982987 
983540 983332 983280 
984254 984190 983884 
984337 984329 984285 
984393 984389 984381 
984516 984478 984429 
984764 984677 984657 
984817 984814 984792 
984897 984873 984832 
985332 985174 985098 
985491 985457 985363 
985965 985738 985513 
986076 986034 985995 
986421 986127 986078 
986534 986444 986439 
986651 986611 986548 
986899 986793 986708 
987191 987087 987013 
987387 987370 987263 
987730 987603 987446 
987765 987759 987742 
988012 987992 987827 
988211 988184 988063 
988276 988263 988240 
988433 988379 988328 
988822 988540 988483 
989169 988958 988929 
989508 989426 989379 
989946 989592 989563 
990233 990045 990027 
990335 990313 990272 
990514 990439 990371 
990586 990583 990517 
990817 990724 990693 
991286 991124 991045 
991699 991565 991418 
991814 991771 991751 
992113 992099 991988 
992547 992475 992466 
992852 992710 992672 
992972 992960 992948 
993314 993166 993105 
993803 993739 993357 
994254 993990 993806 
994439 994390 994342 
995039 994996 994476 
995913 995643 995217 
996178 996118 996076 
996729 996512 996374 
997114 996889 996830 
997546 997291 997122 
997820 997743 997586 
997974 997946 997919 
998103 998086 998071 
998345 998227 998117 
998482 998425 998362 
999140 999089 999046 
999288 999250 999215 
999425 999350 999309 
999606 999595 999431 
999779 999757 999652 
