143562060

288308981

483

6808898

237762550

660

392064072

410904522

267488

133466270

284947450

36550671

80476232

171862553

166643132

9523192

17123069

387374897

46969

168203254

125417847

134183677

198038984

48694646

179489852

133562077

315590067

98920731

398476034

181138942

281055735

300039864

217406123

399108746

309336631

895632

476333

95993096

176184557

238956791

69216175

7398

41596978

70614290

321425050

185758547

390739271

110315977

151253430

263528319

380242391

267900633

263562228

315352952

324933660

60565616

108086040

46998764

396204004

190894935

337773834

186148116

3689157

255323708

31399533

10067530

7680888

20596808

379443420

802033

142109948

323559936

408636637

11780203

258637136

283795116

217351329

405742487

274701440

5312317

50

291125233

323562060

237834639

127165176

495245

7845793

84001707

14408208

319273706

239984481

65685538

11557747

267489683

424036113

6839

230603557

111907498

22626063

431467229

362088030

20456714

315775998

397468655

312711034

21816119

143280942

166254175

282757386

70725428

101127522

65961490

215037747

321988410

269433196

50489683

40009