143562060

288308981

483

6808898

161478550

660

315780072

410904522

267488

416839670

284947450

36550671

80476232

171862553

81035132

9523192

17123069

344534897

46969

243791374

290736207

362632237

149348984

48694646

179489852

133562077

266900067

9487731

398476034

136102942

281055735

376462824

217406123

320295026

309336631

895632

476333

95993096

231556397

238956791

69216175

7398

41596978

70614290

302147050

32948267

390739271

67475977

179699190

195110319

380242391

267900633

263562228

37609352

324933660

60565616

108086040

398513804

293156764

190894935

253362834

186148116

362319117

255323708

31399533

10067530

7680888

20596808

379443420

802033

59649188

323559936

345699637

11780203

258637136

200848116

154792329

405742487

274701440

5312317

50

291125233

323562060

237834639

127165176

495245

7845793

84001707

14408208

103903346

239984481

65685538

11557747

267489683

424036113

6839

427413997

26299498

24449463

431467229

323532030

20456714

239491998

397468655

293424034

380446079

143280942

121218175

228514386

70725428

101127522

394500010

215037747

253570410

267507196

50489683

40009